TN:
SF:src\modules\appointments\services\CreateAppointmentService.ts
FN:26,(anonymous_18)
FN:28,CreateAppointmentService
FN:39,(anonymous_20)
FNF:3
FNH:0
FNDA:0,(anonymous_18)
FNDA:0,CreateAppointmentService
FNDA:0,(anonymous_20)
DA:1,0
DA:2,0
DA:3,0
DA:7,0
DA:26,0
DA:30,0
DA:33,0
DA:36,0
DA:39,0
DA:41,0
DA:42,0
DA:45,0
DA:47,0
DA:48,0
DA:51,0
DA:52,0
DA:55,0
DA:57,0
DA:58,0
DA:61,0
DA:67,0
DA:69,0
DA:74,0
DA:78,0
DA:81,0
DA:83,0
LF:26
LH:0
BRDA:41,0,0,0
BRDA:41,0,1,0
BRDA:47,1,0,0
BRDA:47,1,1,0
BRDA:51,2,0,0
BRDA:51,2,1,0
BRDA:51,3,0,0
BRDA:51,3,1,0
BRDA:57,4,0,0
BRDA:57,4,1,0
BRF:10
BRH:0
end_of_record
TN:
SF:src\modules\appointments\services\ListProviderAppointmentsService.ts
FN:17,(anonymous_17)
FN:19,ListProviderAppointmentsService
FN:27,(anonymous_19)
FNF:3
FNH:3
FNDA:1,(anonymous_17)
FNDA:1,ListProviderAppointmentsService
FNDA:1,(anonymous_19)
DA:1,1
DA:2,1
DA:17,1
DA:21,1
DA:24,1
DA:27,1
DA:28,1
DA:30,1
DA:32,1
DA:33,1
DA:40,2
DA:43,1
DA:46,1
DA:48,1
LF:14
LH:14
BRDA:43,0,0,1
BRDA:32,1,0,0
BRDA:32,1,1,1
BRF:3
BRH:2
end_of_record
TN:
SF:src\modules\appointments\services\ListProviderDayAvailabilityService.ts
FN:21,(anonymous_17)
FN:23,ListProviderDayAvailabilityService
FN:28,(anonymous_19)
FN:40,(anonymous_22)
FN:45,(anonymous_23)
FN:46,(anonymous_24)
FNF:6
FNH:5
FNDA:1,(anonymous_17)
FNDA:1,ListProviderDayAvailabilityService
FNDA:1,(anonymous_19)
FNDA:10,(anonymous_22)
FNDA:10,(anonymous_23)
FNDA:0,(anonymous_24)
DA:1,1
DA:2,1
DA:3,1
DA:21,1
DA:25,1
DA:28,1
DA:29,1
DA:36,1
DA:38,1
DA:40,10
DA:43,1
DA:45,1
DA:46,10
DA:47,0
DA:50,10
DA:52,10
DA:58,1
DA:61,1
DA:63,1
LF:19
LH:18
BRDA:29,0,0,1
BRDA:54,1,0,10
BRDA:54,1,1,10
BRF:3
BRH:3
end_of_record
TN:
SF:src\modules\appointments\services\ListProviderMonthAvailabilityService.ts
FN:22,(anonymous_17)
FN:24,ListProviderMonthAvailabilityService
FN:29,(anonymous_19)
FN:40,(anonymous_22)
FN:43,(anonymous_23)
FN:44,(anonymous_24)
FNF:6
FNH:5
FNDA:1,(anonymous_17)
FNDA:1,ListProviderMonthAvailabilityService
FNDA:1,(anonymous_19)
FNDA:31,(anonymous_22)
FNDA:31,(anonymous_23)
FNDA:0,(anonymous_24)
DA:1,1
DA:2,1
DA:3,1
DA:22,1
DA:26,1
DA:29,1
DA:30,1
DA:36,1
DA:38,1
DA:40,31
DA:43,1
DA:44,31
DA:45,0
DA:48,31
DA:54,1
DA:57,1
DA:59,1
LF:17
LH:16
BRDA:30,0,0,1
BRF:1
BRH:1
end_of_record
TN:
SF:src\modules\appointments\services\ListProviderService.ts
FN:13,(anonymous_17)
FN:15,ListProvidersService
FN:23,(anonymous_19)
FNF:3
FNH:3
FNDA:1,(anonymous_17)
FNDA:1,ListProvidersService
FNDA:1,(anonymous_19)
DA:1,1
DA:2,1
DA:13,1
DA:17,1
DA:20,1
DA:23,1
DA:24,1
DA:26,1
DA:27,1
DA:33,2
DA:35,1
DA:38,1
DA:40,1
LF:13
LH:13
BRDA:24,0,0,1
BRDA:24,0,1,1
BRDA:26,1,0,0
BRDA:26,1,1,1
BRF:4
BRH:3
end_of_record
TN:
SF:src\modules\users\services\AuthenticateUserService.ts
FN:23,(anonymous_18)
FN:25,AuthenticateUserService
FN:32,(anonymous_20)
FNF:3
FNH:3
FNDA:1,(anonymous_18)
FNDA:2,AuthenticateUserService
FNDA:2,(anonymous_20)
DA:1,1
DA:3,1
DA:4,1
DA:6,1
DA:8,1
DA:23,1
DA:27,2
DA:29,2
DA:32,2
DA:34,2
DA:36,2
DA:37,0
DA:40,2
DA:42,2
DA:43,1
DA:46,1
DA:48,1
DA:53,1
DA:59,1
DA:61,1
LF:20
LH:19
BRDA:34,0,0,2
BRDA:36,1,0,0
BRDA:36,1,1,2
BRDA:42,2,0,1
BRDA:42,2,1,1
BRF:5
BRH:4
end_of_record
TN:
SF:src\modules\users\services\CreateUserService.ts
FN:17,(anonymous_18)
FN:19,CreateUserService
FN:28,(anonymous_20)
FNF:3
FNH:3
FNDA:2,(anonymous_18)
FNDA:4,CreateUserService
FNDA:2,(anonymous_20)
DA:1,2
DA:2,2
DA:5,2
DA:17,2
DA:21,4
DA:23,4
DA:25,4
DA:28,2
DA:30,2
DA:32,2
DA:33,0
DA:36,2
DA:38,2
DA:44,2
DA:46,0
DA:49,2
DA:51,2
LF:17
LH:15
BRDA:30,0,0,2
BRDA:32,1,0,0
BRDA:32,1,1,2
BRF:3
BRH:2
end_of_record
TN:
SF:src\modules\users\services\ResetPasswordService.ts
FN:16,(anonymous_18)
FN:18,ResetPasswordService
FN:29,(anonymous_20)
FNF:3
FNH:3
FNDA:1,(anonymous_18)
FNDA:4,ResetPasswordService
FNDA:4,(anonymous_20)
DA:1,1
DA:2,1
DA:3,1
DA:8,1
DA:16,1
DA:20,4
DA:23,4
DA:26,4
DA:29,4
DA:30,4
DA:32,4
DA:33,1
DA:36,3
DA:38,3
DA:39,1
DA:42,2
DA:43,2
DA:45,2
DA:46,0
DA:49,2
DA:51,4
DA:54,1
DA:56,1
LF:23
LH:22
BRDA:30,0,0,4
BRDA:32,1,0,1
BRDA:32,1,1,3
BRDA:38,2,0,1
BRDA:38,2,1,2
BRDA:45,3,0,0
BRDA:45,3,1,2
BRF:7
BRH:6
end_of_record
TN:
SF:src\modules\users\services\SendForgotPasswordEmailService.ts
FN:17,(anonymous_18)
FN:19,SendForgotPasswordEmailService
FN:30,(anonymous_20)
FNF:3
FNH:3
FNDA:1,(anonymous_18)
FNDA:3,SendForgotPasswordEmailService
FNDA:3,(anonymous_20)
DA:1,1
DA:2,1
DA:3,1
DA:6,1
DA:17,1
DA:21,3
DA:24,3
DA:27,3
DA:30,3
DA:31,3
DA:33,3
DA:34,3
DA:37,0
DA:39,0
DA:41,0
DA:57,1
DA:59,1
LF:17
LH:14
BRDA:31,0,0,3
BRDA:33,1,0,3
BRDA:33,1,1,0
BRF:3
BRH:2
end_of_record
TN:
SF:src\modules\users\services\ShowProfileService.ts
FN:13,(anonymous_18)
FN:15,ShowProfileService
FN:20,(anonymous_20)
FNF:3
FNH:3
FNDA:1,(anonymous_18)
FNDA:2,ShowProfileService
FNDA:2,(anonymous_20)
DA:1,1
DA:2,1
DA:5,1
DA:13,1
DA:17,2
DA:20,2
DA:21,2
DA:23,2
DA:24,1
DA:27,1
DA:30,1
DA:32,1
LF:12
LH:12
BRDA:21,0,0,2
BRDA:23,1,0,1
BRDA:23,1,1,1
BRF:3
BRH:3
end_of_record
TN:
SF:src\modules\users\services\UpdateProfileService.ts
FN:18,(anonymous_18)
FN:20,UpdateProfileService
FN:27,(anonymous_20)
FNF:3
FNH:3
FNDA:1,(anonymous_18)
FNDA:6,UpdateProfileService
FNDA:6,(anonymous_20)
DA:1,1
DA:2,1
DA:5,1
DA:18,1
DA:22,6
DA:24,6
DA:27,6
DA:28,6
DA:30,6
DA:31,1
DA:34,5
DA:36,5
DA:37,1
DA:40,4
DA:41,4
DA:43,4
DA:44,1
DA:47,4
DA:48,2
DA:50,2
DA:51,1
DA:53,1
DA:56,2
DA:59,1
DA:61,1
LF:25
LH:25
BRDA:28,0,0,6
BRDA:28,0,1,2
BRDA:30,1,0,1
BRDA:30,1,1,5
BRDA:36,2,0,1
BRDA:36,2,1,4
BRDA:36,3,0,5
BRDA:36,3,1,4
BRDA:43,4,0,1
BRDA:43,4,1,3
BRDA:43,5,0,4
BRDA:43,5,1,3
BRDA:47,6,0,1
BRDA:47,6,1,2
BRDA:47,7,0,3
BRDA:47,7,1,2
BRDA:50,8,0,1
BRDA:50,8,1,1
BRF:18
BRH:18
end_of_record
TN:
SF:src\modules\users\services\UpdateUserAvatarService.ts
FN:15,(anonymous_18)
FN:17,UpdateUserAvatarService
FN:24,(anonymous_20)
FNF:3
FNH:3
FNDA:1,(anonymous_18)
FNDA:3,UpdateUserAvatarService
FNDA:4,(anonymous_20)
DA:1,1
DA:2,1
DA:5,1
DA:15,1
DA:19,3
DA:21,3
DA:24,4
DA:26,4
DA:28,4
DA:29,1
DA:32,5
DA:33,2
DA:36,3
DA:38,3
DA:40,6
DA:42,3
DA:45,1
DA:47,1
LF:18
LH:18
BRDA:26,0,0,4
BRDA:26,0,1,3
BRDA:28,1,0,1
BRDA:28,1,1,3
BRDA:32,2,0,2
BRDA:32,2,1,1
BRF:6
BRH:6
end_of_record
